  WinMain.c
C:\Users\q_q17\OneDrive\Desktop\Ai3_GaTeam_lottery\BJY.h(76,18): warning C4553: '==': 식의 결과가 사용되지 않습니다. '='을(를) 의도했습니까?
C:\Users\q_q17\OneDrive\Desktop\Ai3_GaTeam_lottery\WinMain.c(118,48): warning C4047: '함수': 'LPCWSTR'의 간접 참조 수준이 'int'과(와) 다릅니다.
C:\Users\q_q17\OneDrive\Desktop\Ai3_GaTeam_lottery\WinMain.c(118,39): warning C4024: 'LoadIconW': 형식 및 실제 매개 변수 2의 형식이 서로 다릅니다.
C:\Users\q_q17\OneDrive\Desktop\Ai3_GaTeam_lottery\WinMain.c(224,40): warning C4133: '함수': 'char [21]'과(와) 'LPCWSTR' 사이의 형식이 호환되지 않습니다.
C:\Users\q_q17\OneDrive\Desktop\Ai3_GaTeam_lottery\WinMain.c(265,17): warning C4047: '함수': 'LPWSTR'의 간접 참조 수준이 'LPTSTR [40]'과(와) 다릅니다.
C:\Users\q_q17\OneDrive\Desktop\Ai3_GaTeam_lottery\WinMain.c(265,12): warning C4024: 'wsprintfW': 형식 및 실제 매개 변수 1의 형식이 서로 다릅니다.
C:\Users\q_q17\OneDrive\Desktop\Ai3_GaTeam_lottery\WinMain.c(266,31): warning C4047: '함수': 'LPCWSTR'의 간접 참조 수준이 'LPTSTR [40]'과(와) 다릅니다.
C:\Users\q_q17\OneDrive\Desktop\Ai3_GaTeam_lottery\WinMain.c(266,26): warning C4024: 'TextOutW': 형식 및 실제 매개 변수 4의 형식이 서로 다릅니다.
C:\Users\q_q17\OneDrive\Desktop\Ai3_GaTeam_lottery\WinMain.c(266,46): warning C4047: '함수': 'LPCWSTR'의 간접 참조 수준이 'LPTSTR [40]'과(와) 다릅니다.
C:\Users\q_q17\OneDrive\Desktop\Ai3_GaTeam_lottery\WinMain.c(266,41): warning C4024: 'lstrlenW': 형식 및 실제 매개 변수 1의 형식이 서로 다릅니다.
C:\Users\q_q17\OneDrive\Desktop\Ai3_GaTeam_lottery\WinMain.c(301,19): warning C4047: '함수': 'LPWSTR'의 간접 참조 수준이 'LPTSTR [40]'과(와) 다릅니다.
C:\Users\q_q17\OneDrive\Desktop\Ai3_GaTeam_lottery\WinMain.c(301,12): warning C4024: 'wsprintfW': 형식 및 실제 매개 변수 1의 형식이 서로 다릅니다.
C:\Users\q_q17\OneDrive\Desktop\Ai3_GaTeam_lottery\WinMain.c(302,33): warning C4047: '함수': 'LPCWSTR'의 간접 참조 수준이 'LPTSTR [40]'과(와) 다릅니다.
C:\Users\q_q17\OneDrive\Desktop\Ai3_GaTeam_lottery\WinMain.c(302,26): warning C4024: 'TextOutW': 형식 및 실제 매개 변수 4의 형식이 서로 다릅니다.
C:\Users\q_q17\OneDrive\Desktop\Ai3_GaTeam_lottery\WinMain.c(302,50): warning C4047: '함수': 'LPCWSTR'의 간접 참조 수준이 'LPTSTR [40]'과(와) 다릅니다.
C:\Users\q_q17\OneDrive\Desktop\Ai3_GaTeam_lottery\WinMain.c(302,43): warning C4024: 'lstrlenW': 형식 및 실제 매개 변수 1의 형식이 서로 다릅니다.
C:\Users\q_q17\OneDrive\Desktop\Ai3_GaTeam_lottery\WinMain.c(312,15): warning C4047: '함수': 'LPWSTR'의 간접 참조 수준이 'LPTSTR [40]'과(와) 다릅니다.
C:\Users\q_q17\OneDrive\Desktop\Ai3_GaTeam_lottery\WinMain.c(312,12): warning C4024: 'wsprintfW': 형식 및 실제 매개 변수 1의 형식이 서로 다릅니다.
C:\Users\q_q17\OneDrive\Desktop\Ai3_GaTeam_lottery\WinMain.c(313,29): warning C4047: '함수': 'LPCWSTR'의 간접 참조 수준이 'LPTSTR [40]'과(와) 다릅니다.
C:\Users\q_q17\OneDrive\Desktop\Ai3_GaTeam_lottery\WinMain.c(313,26): warning C4024: 'TextOutW': 형식 및 실제 매개 변수 4의 형식이 서로 다릅니다.
C:\Users\q_q17\OneDrive\Desktop\Ai3_GaTeam_lottery\WinMain.c(313,42): warning C4047: '함수': 'LPCWSTR'의 간접 참조 수준이 'LPTSTR [40]'과(와) 다릅니다.
C:\Users\q_q17\OneDrive\Desktop\Ai3_GaTeam_lottery\WinMain.c(313,39): warning C4024: 'lstrlenW': 형식 및 실제 매개 변수 1의 형식이 서로 다릅니다.
C:\Users\q_q17\OneDrive\Desktop\Ai3_GaTeam_lottery\WinMain.c(321,15): warning C4047: '함수': 'LPWSTR'의 간접 참조 수준이 'LPTSTR [40]'과(와) 다릅니다.
C:\Users\q_q17\OneDrive\Desktop\Ai3_GaTeam_lottery\WinMain.c(321,12): warning C4024: 'wsprintfW': 형식 및 실제 매개 변수 1의 형식이 서로 다릅니다.
C:\Users\q_q17\OneDrive\Desktop\Ai3_GaTeam_lottery\WinMain.c(322,29): warning C4047: '함수': 'LPCWSTR'의 간접 참조 수준이 'LPTSTR [40]'과(와) 다릅니다.
C:\Users\q_q17\OneDrive\Desktop\Ai3_GaTeam_lottery\WinMain.c(322,26): warning C4024: 'TextOutW': 형식 및 실제 매개 변수 4의 형식이 서로 다릅니다.
C:\Users\q_q17\OneDrive\Desktop\Ai3_GaTeam_lottery\WinMain.c(322,42): warning C4047: '함수': 'LPCWSTR'의 간접 참조 수준이 'LPTSTR [40]'과(와) 다릅니다.
C:\Users\q_q17\OneDrive\Desktop\Ai3_GaTeam_lottery\WinMain.c(322,39): warning C4024: 'lstrlenW': 형식 및 실제 매개 변수 1의 형식이 서로 다릅니다.
C:\Users\q_q17\OneDrive\Desktop\Ai3_GaTeam_lottery\WinMain.c(331,15): warning C4047: '함수': 'LPWSTR'의 간접 참조 수준이 'LPTSTR [40]'과(와) 다릅니다.
C:\Users\q_q17\OneDrive\Desktop\Ai3_GaTeam_lottery\WinMain.c(331,12): warning C4024: 'wsprintfW': 형식 및 실제 매개 변수 1의 형식이 서로 다릅니다.
C:\Users\q_q17\OneDrive\Desktop\Ai3_GaTeam_lottery\WinMain.c(332,29): warning C4047: '함수': 'LPCWSTR'의 간접 참조 수준이 'LPTSTR [40]'과(와) 다릅니다.
C:\Users\q_q17\OneDrive\Desktop\Ai3_GaTeam_lottery\WinMain.c(332,26): warning C4024: 'TextOutW': 형식 및 실제 매개 변수 4의 형식이 서로 다릅니다.
C:\Users\q_q17\OneDrive\Desktop\Ai3_GaTeam_lottery\WinMain.c(332,42): warning C4047: '함수': 'LPCWSTR'의 간접 참조 수준이 'LPTSTR [40]'과(와) 다릅니다.
C:\Users\q_q17\OneDrive\Desktop\Ai3_GaTeam_lottery\WinMain.c(332,39): warning C4024: 'lstrlenW': 형식 및 실제 매개 변수 1의 형식이 서로 다릅니다.
C:\Users\q_q17\OneDrive\Desktop\Ai3_GaTeam_lottery\WinMain.c(341,15): warning C4047: '함수': 'LPWSTR'의 간접 참조 수준이 'LPTSTR [40]'과(와) 다릅니다.
C:\Users\q_q17\OneDrive\Desktop\Ai3_GaTeam_lottery\WinMain.c(341,12): warning C4024: 'wsprintfW': 형식 및 실제 매개 변수 1의 형식이 서로 다릅니다.
C:\Users\q_q17\OneDrive\Desktop\Ai3_GaTeam_lottery\WinMain.c(342,29): warning C4047: '함수': 'LPCWSTR'의 간접 참조 수준이 'LPTSTR [40]'과(와) 다릅니다.
C:\Users\q_q17\OneDrive\Desktop\Ai3_GaTeam_lottery\WinMain.c(342,26): warning C4024: 'TextOutW': 형식 및 실제 매개 변수 4의 형식이 서로 다릅니다.
C:\Users\q_q17\OneDrive\Desktop\Ai3_GaTeam_lottery\WinMain.c(342,42): warning C4047: '함수': 'LPCWSTR'의 간접 참조 수준이 'LPTSTR [40]'과(와) 다릅니다.
C:\Users\q_q17\OneDrive\Desktop\Ai3_GaTeam_lottery\WinMain.c(342,39): warning C4024: 'lstrlenW': 형식 및 실제 매개 변수 1의 형식이 서로 다릅니다.
C:\Users\q_q17\OneDrive\Desktop\Ai3_GaTeam_lottery\WinMain.c(154,14): warning C4101: 'FONT' :참조되지 않은 지역 변수입니다.
C:\Users\q_q17\OneDrive\Desktop\Ai3_GaTeam_lottery\WinMain.c(150,15): warning C4101: 'SFN' :참조되지 않은 지역 변수입니다.
C:\Users\q_q17\OneDrive\Desktop\Ai3_GaTeam_lottery\BJY.h(78): warning C4715: 'BJY_main': 모든 제어 경로에서 값을 반환하지는 않습니다.
  Ai3_GaTeam_lottery.vcxproj -> C:\Users\q_q17\OneDrive\Desktop\Ai3_GaTeam_lottery\Debug\Ai3_GaTeam_lottery.exe
